# JRE version: Java(TM) SE Runtime Environment (14.0.2+12) (build 14.0.2+12-46)
# Java VM: Java HotSpot(TM) 64-Bit Server VM (14.0.2+12-46, mixed mode, sharing, tiered, compressed oops, parallel gc, windows-amd64)
Heap:
 PSYoungGen      total 40960K, used 512K [0x00000000eab00000, 0x00000000ee300000, 0x0000000100000000)
  eden space 40448K, 0% used [0x00000000eab00000,0x00000000eab00000,0x00000000ed280000)
  from space 512K, 100% used [0x00000000ee280000,0x00000000ee300000,0x00000000ee300000)
  to   space 6656K, 0% used [0x00000000ed600000,0x00000000ed600000,0x00000000edc80000)
 ParOldGen       total 300544K, used 294980K [0x00000000c0000000, 0x00000000d2580000, 0x00000000eab00000)
  object space 300544K, 98% used [0x00000000c0000000,0x00000000d20111a0,0x00000000d2580000)
 Metaspace       used 91438K, capacity 95382K, committed 95832K, reserved 1134592K
  class space    used 8559K, capacity 9902K, committed 10072K, reserved 1048576K
GC Heap History (20 events):
Event: 60750.271 GC heap after
{Heap after GC invocations=8693 (full 261):
 PSYoungGen      total 56320K, used 6114K [0x00000000eab00000, 0x00000000eeb00000, 0x0000000100000000)
  eden space 50176K, 0% used [0x00000000eab00000,0x00000000eab00000,0x00000000edc00000)
  from space 6144K, 99% used [0x00000000ee400000,0x00000000ee9f8908,0x00000000eea00000)
  to   space 1024K, 0% used [0x00000000eea00000,0x00000000eea00000,0x00000000eeb00000)
 ParOldGen       total 300544K, used 279324K [0x00000000c0000000, 0x00000000d2580000, 0x00000000eab00000)
  object space 300544K, 92% used [0x00000000c0000000,0x00000000d10c72f8,0x00000000d2580000)
 Metaspace       used 91426K, capacity 95382K, committed 95832K, reserved 1134592K
  class space    used 8559K, capacity 9902K, committed 10072K, reserved 1048576K
}
Event: 60750.338 GC heap before
{Heap before GC invocations=8694 (full 261):
 PSYoungGen      total 56320K, used 56290K [0x00000000eab00000, 0x00000000eeb00000, 0x0000000100000000)
  eden space 50176K, 100% used [0x00000000eab00000,0x00000000edc00000,0x00000000edc00000)
  from space 6144K, 99% used [0x00000000ee400000,0x00000000ee9f8908,0x00000000eea00000)
  to   space 1024K, 0% used [0x00000000eea00000,0x00000000eea00000,0x00000000eeb00000)
 ParOldGen       total 300544K, used 279324K [0x00000000c0000000, 0x00000000d2580000, 0x00000000eab00000)
  object space 300544K, 92% used [0x00000000c0000000,0x00000000d10c72f8,0x00000000d2580000)
 Metaspace       used 91434K, capacity 95382K, committed 95832K, reserved 1134592K
  class space    used 8559K, capacity 9902K, committed 10072K, reserved 1048576K
}
Event: 60750.342 GC heap after
{Heap after GC invocations=8694 (full 261):
 PSYoungGen      total 49664K, used 996K [0x00000000eab00000, 0x00000000eeb00000, 0x0000000100000000)
  eden space 48640K, 0% used [0x00000000eab00000,0x00000000eab00000,0x00000000eda80000)
  from space 1024K, 97% used [0x00000000eea00000,0x00000000eeaf9280,0x00000000eeb00000)
  to   space 6144K, 0% used [0x00000000edf00000,0x00000000edf00000,0x00000000ee500000)
 ParOldGen       total 300544K, used 283683K [0x00000000c0000000, 0x00000000d2580000, 0x00000000eab00000)
  object space 300544K, 94% used [0x00000000c0000000,0x00000000d1508f90,0x00000000d2580000)
 Metaspace       used 91434K, capacity 95382K, committed 95832K, reserved 1134592K
  class space    used 8559K, capacity 9902K, committed 10072K, reserved 1048576K
}
Event: 60750.408 GC heap before
{Heap before GC invocations=8695 (full 261):
 PSYoungGen      total 49664K, used 49636K [0x00000000eab00000, 0x00000000eeb00000, 0x0000000100000000)
  eden space 48640K, 100% used [0x00000000eab00000,0x00000000eda80000,0x00000000eda80000)
  from space 1024K, 97% used [0x00000000eea00000,0x00000000eeaf9280,0x00000000eeb00000)
  to   space 6144K, 0% used [0x00000000edf00000,0x00000000edf00000,0x00000000ee500000)
 ParOldGen       total 300544K, used 283683K [0x00000000c0000000, 0x00000000d2580000, 0x00000000eab00000)
  object space 300544K, 94% used [0x00000000c0000000,0x00000000d1508f90,0x00000000d2580000)
 Metaspace       used 91437K, capacity 95382K, committed 95832K, reserved 1134592K
  class space    used 8559K, capacity 9902K, committed 10072K, reserved 1048576K
}
Event: 60750.411 GC heap after
{Heap after GC invocations=8695 (full 261):
 PSYoungGen      total 53760K, used 2070K [0x00000000eab00000, 0x00000000eea80000, 0x0000000100000000)
  eden space 47616K, 0% used [0x00000000eab00000,0x00000000eab00000,0x00000000ed980000)
  from space 6144K, 33% used [0x00000000edf00000,0x00000000ee1058e0,0x00000000ee500000)
  to   space 3584K, 0% used [0x00000000ee700000,0x00000000ee700000,0x00000000eea80000)
 ParOldGen       total 300544K, used 284011K [0x00000000c0000000, 0x00000000d2580000, 0x00000000eab00000)
  object space 300544K, 94% used [0x00000000c0000000,0x00000000d155ad50,0x00000000d2580000)
 Metaspace       used 91437K, capacity 95382K, committed 95832K, reserved 1134592K
  class space    used 8559K, capacity 9902K, committed 10072K, reserved 1048576K
}
Event: 60750.480 GC heap before
{Heap before GC invocations=8696 (full 261):
 PSYoungGen      total 53760K, used 49686K [0x00000000eab00000, 0x00000000eea80000, 0x0000000100000000)
  eden space 47616K, 100% used [0x00000000eab00000,0x00000000ed980000,0x00000000ed980000)
  from space 6144K, 33% used [0x00000000edf00000,0x00000000ee1058e0,0x00000000ee500000)
  to   space 3584K, 0% used [0x00000000ee700000,0x00000000ee700000,0x00000000eea80000)
 ParOldGen       total 300544K, used 284011K [0x00000000c0000000, 0x00000000d2580000, 0x00000000eab00000)
  object space 300544K, 94% used [0x00000000c0000000,0x00000000d155ad50,0x00000000d2580000)
 Metaspace       used 91437K, capacity 95382K, committed 95832K, reserved 1134592K
  class space    used 8559K, capacity 9902K, committed 10072K, reserved 1048576K
}
Event: 60750.483 GC heap after
{Heap after GC invocations=8696 (full 261):
 PSYoungGen      total 48640K, used 1937K [0x00000000eab00000, 0x00000000ee900000, 0x0000000100000000)
  eden space 46592K, 0% used [0x00000000eab00000,0x00000000eab00000,0x00000000ed880000)
  from space 2048K, 94% used [0x00000000ee700000,0x00000000ee8e46d0,0x00000000ee900000)
  to   space 2560K, 0% used [0x00000000ee400000,0x00000000ee400000,0x00000000ee680000)
 ParOldGen       total 300544K, used 284011K [0x00000000c0000000, 0x00000000d2580000, 0x00000000eab00000)
  object space 300544K, 94% used [0x00000000c0000000,0x00000000d155ad50,0x00000000d2580000)
 Metaspace       used 91437K, capacity 95382K, committed 95832K, reserved 1134592K
  class space    used 8559K, capacity 9902K, committed 10072K, reserved 1048576K
}
Event: 60750.556 GC heap before
{Heap before GC invocations=8697 (full 261):
 PSYoungGen      total 48640K, used 47302K [0x00000000eab00000, 0x00000000ee900000, 0x0000000100000000)
  eden space 46592K, 97% used [0x00000000eab00000,0x00000000ed74d208,0x00000000ed880000)
  from space 2048K, 94% used [0x00000000ee700000,0x00000000ee8e46d0,0x00000000ee900000)
  to   space 2560K, 0% used [0x00000000ee400000,0x00000000ee400000,0x00000000ee680000)
 ParOldGen       total 300544K, used 284011K [0x00000000c0000000, 0x00000000d2580000, 0x00000000eab00000)
  object space 300544K, 94% used [0x00000000c0000000,0x00000000d155ad50,0x00000000d2580000)
 Metaspace       used 91438K, capacity 95382K, committed 95832K, reserved 1134592K
  class space    used 8559K, capacity 9902K, committed 10072K, reserved 1048576K
}
Event: 60750.559 GC heap after
{Heap after GC invocations=8697 (full 261):
 PSYoungGen      total 47616K, used 2006K [0x00000000eab00000, 0x00000000ee780000, 0x0000000100000000)
  eden space 45568K, 0% used [0x00000000eab00000,0x00000000eab00000,0x00000000ed780000)
  from space 2048K, 97% used [0x00000000ee400000,0x00000000ee5f58c0,0x00000000ee600000)
  to   space 1536K, 0% used [0x00000000ee600000,0x00000000ee600000,0x00000000ee780000)
 ParOldGen       total 300544K, used 284011K [0x00000000c0000000, 0x00000000d2580000, 0x00000000eab00000)
  object space 300544K, 94% used [0x00000000c0000000,0x00000000d155ad50,0x00000000d2580000)
 Metaspace       used 91438K, capacity 95382K, committed 95832K, reserved 1134592K
  class space    used 8559K, capacity 9902K, committed 10072K, reserved 1048576K
}
Event: 60750.603 GC heap before
{Heap before GC invocations=8698 (full 261):
 PSYoungGen      total 47616K, used 46297K [0x00000000eab00000, 0x00000000ee780000, 0x0000000100000000)
  eden space 45568K, 97% used [0x00000000eab00000,0x00000000ed640d38,0x00000000ed780000)
  from space 2048K, 97% used [0x00000000ee400000,0x00000000ee5f58c0,0x00000000ee600000)
  to   space 1536K, 0% used [0x00000000ee600000,0x00000000ee600000,0x00000000ee780000)
 ParOldGen       total 300544K, used 284011K [0x00000000c0000000, 0x00000000d2580000, 0x00000000eab00000)
  object space 300544K, 94% used [0x00000000c0000000,0x00000000d155ad50,0x00000000d2580000)
 Metaspace       used 91438K, capacity 95382K, committed 95832K, reserved 1134592K
  class space    used 8559K, capacity 9902K, committed 10072K, reserved 1048576K
}
Event: 60750.605 GC heap after
{Heap after GC invocations=8698 (full 261):
 PSYoungGen      total 46080K, used 1517K [0x00000000eab00000, 0x00000000ee780000, 0x0000000100000000)
  eden space 44544K, 0% used [0x00000000eab00000,0x00000000eab00000,0x00000000ed680000)
  from space 1536K, 98% used [0x00000000ee600000,0x00000000ee77b4c0,0x00000000ee780000)
  to   space 5632K, 0% used [0x00000000edc80000,0x00000000edc80000,0x00000000ee200000)
 ParOldGen       total 300544K, used 287248K [0x00000000c0000000, 0x00000000d2580000, 0x00000000eab00000)
  object space 300544K, 95% used [0x00000000c0000000,0x00000000d18841c8,0x00000000d2580000)
 Metaspace       used 91438K, capacity 95382K, committed 95832K, reserved 1134592K
  class space    used 8559K, capacity 9902K, committed 10072K, reserved 1048576K
}
Event: 60750.647 GC heap before
{Heap before GC invocations=8699 (full 261):
 PSYoungGen      total 46080K, used 45040K [0x00000000eab00000, 0x00000000ee780000, 0x0000000100000000)
  eden space 44544K, 97% used [0x00000000eab00000,0x00000000ed580ee8,0x00000000ed680000)
  from space 1536K, 98% used [0x00000000ee600000,0x00000000ee77b4c0,0x00000000ee780000)
  to   space 5632K, 0% used [0x00000000edc80000,0x00000000edc80000,0x00000000ee200000)
 ParOldGen       total 300544K, used 287248K [0x00000000c0000000, 0x00000000d2580000, 0x00000000eab00000)
  object space 300544K, 95% used [0x00000000c0000000,0x00000000d18841c8,0x00000000d2580000)
 Metaspace       used 91438K, capacity 95382K, committed 95832K, reserved 1134592K
  class space    used 8559K, capacity 9902K, committed 10072K, reserved 1048576K
}
Event: 60750.649 GC heap after
{Heap after GC invocations=8699 (full 261):
 PSYoungGen      total 49152K, used 3442K [0x00000000eab00000, 0x00000000ee680000, 0x0000000100000000)
  eden space 43520K, 0% used [0x00000000eab00000,0x00000000eab00000,0x00000000ed580000)
  from space 5632K, 61% used [0x00000000edc80000,0x00000000edfdcb08,0x00000000ee200000)
  to   space 4096K, 0% used [0x00000000ee280000,0x00000000ee280000,0x00000000ee680000)
 ParOldGen       total 300544K, used 287320K [0x00000000c0000000, 0x00000000d2580000, 0x00000000eab00000)
  object space 300544K, 95% used [0x00000000c0000000,0x00000000d18961c8,0x00000000d2580000)
 Metaspace       used 91438K, capacity 95382K, committed 95832K, reserved 1134592K
  class space    used 8559K, capacity 9902K, committed 10072K, reserved 1048576K
}
Event: 60750.682 GC heap before
{Heap before GC invocations=8700 (full 261):
 PSYoungGen      total 49152K, used 44873K [0x00000000eab00000, 0x00000000ee680000, 0x0000000100000000)
  eden space 43520K, 95% used [0x00000000eab00000,0x00000000ed375c08,0x00000000ed580000)
  from space 5632K, 61% used [0x00000000edc80000,0x00000000edfdcb08,0x00000000ee200000)
  to   space 4096K, 0% used [0x00000000ee280000,0x00000000ee280000,0x00000000ee680000)
 ParOldGen       total 300544K, used 287320K [0x00000000c0000000, 0x00000000d2580000, 0x00000000eab00000)
  object space 300544K, 95% used [0x00000000c0000000,0x00000000d18961c8,0x00000000d2580000)
 Metaspace       used 91438K, capacity 95382K, committed 95832K, reserved 1134592K
  class space    used 8559K, capacity 9902K, committed 10072K, reserved 1048576K
}
Event: 60750.684 GC heap after
{Heap after GC invocations=8700 (full 261):
 PSYoungGen      total 46080K, used 3160K [0x00000000eab00000, 0x00000000ee600000, 0x0000000100000000)
  eden space 42496K, 0% used [0x00000000eab00000,0x00000000eab00000,0x00000000ed480000)
  from space 3584K, 88% used [0x00000000ee280000,0x00000000ee596208,0x00000000ee600000)
  to   space 3584K, 0% used [0x00000000edf00000,0x00000000edf00000,0x00000000ee280000)
 ParOldGen       total 300544K, used 289704K [0x00000000c0000000, 0x00000000d2580000, 0x00000000eab00000)
  object space 300544K, 96% used [0x00000000c0000000,0x00000000d1aea180,0x00000000d2580000)
 Metaspace       used 91438K, capacity 95382K, committed 95832K, reserved 1134592K
  class space    used 8559K, capacity 9902K, committed 10072K, reserved 1048576K
}
Event: 60750.718 GC heap before
{Heap before GC invocations=8701 (full 261):
 PSYoungGen      total 46080K, used 45656K [0x00000000eab00000, 0x00000000ee600000, 0x0000000100000000)
  eden space 42496K, 100% used [0x00000000eab00000,0x00000000ed480000,0x00000000ed480000)
  from space 3584K, 88% used [0x00000000ee280000,0x00000000ee596208,0x00000000ee600000)
  to   space 3584K, 0% used [0x00000000edf00000,0x00000000edf00000,0x00000000ee280000)
 ParOldGen       total 300544K, used 289704K [0x00000000c0000000, 0x00000000d2580000, 0x00000000eab00000)
  object space 300544K, 96% used [0x00000000c0000000,0x00000000d1aea180,0x00000000d2580000)
 Metaspace       used 91438K, capacity 95382K, committed 95832K, reserved 1134592K
  class space    used 8559K, capacity 9902K, committed 10072K, reserved 1048576K
}
Event: 60750.721 GC heap after
{Heap after GC invocations=8701 (full 261):
 PSYoungGen      total 45056K, used 3543K [0x00000000eab00000, 0x00000000ee300000, 0x0000000100000000)
  eden space 41472K, 0% used [0x00000000eab00000,0x00000000eab00000,0x00000000ed380000)
  from space 3584K, 98% used [0x00000000edf00000,0x00000000ee275eb8,0x00000000ee280000)
  to   space 512K, 0% used [0x00000000ee280000,0x00000000ee280000,0x00000000ee300000)
 ParOldGen       total 300544K, used 289704K [0x00000000c0000000, 0x00000000d2580000, 0x00000000eab00000)
  object space 300544K, 96% used [0x00000000c0000000,0x00000000d1aea180,0x00000000d2580000)
 Metaspace       used 91438K, capacity 95382K, committed 95832K, reserved 1134592K
  class space    used 8559K, capacity 9902K, committed 10072K, reserved 1048576K
}
Event: 60750.753 GC heap before
{Heap before GC invocations=8702 (full 261):
 PSYoungGen      total 45056K, used 44315K [0x00000000eab00000, 0x00000000ee300000, 0x0000000100000000)
  eden space 41472K, 98% used [0x00000000eab00000,0x00000000ed2d10e8,0x00000000ed380000)
  from space 3584K, 98% used [0x00000000edf00000,0x00000000ee275eb8,0x00000000ee280000)
  to   space 512K, 0% used [0x00000000ee280000,0x00000000ee280000,0x00000000ee300000)
 ParOldGen       total 300544K, used 289704K [0x00000000c0000000, 0x00000000d2580000, 0x00000000eab00000)
  object space 300544K, 96% used [0x00000000c0000000,0x00000000d1aea180,0x00000000d2580000)
 Metaspace       used 91438K, capacity 95382K, committed 95832K, reserved 1134592K
  class space    used 8559K, capacity 9902K, committed 10072K, reserved 1048576K
}
Event: 60750.756 GC heap after
{Heap after GC invocations=8702 (full 261):
 PSYoungGen      total 40960K, used 512K [0x00000000eab00000, 0x00000000ee300000, 0x0000000100000000)
  eden space 40448K, 0% used [0x00000000eab00000,0x00000000eab00000,0x00000000ed280000)
  from space 512K, 100% used [0x00000000ee280000,0x00000000ee300000,0x00000000ee300000)
  to   space 6656K, 0% used [0x00000000ed600000,0x00000000ed600000,0x00000000edc80000)
 ParOldGen       total 300544K, used 294980K [0x00000000c0000000, 0x00000000d2580000, 0x00000000eab00000)
  object space 300544K, 98% used [0x00000000c0000000,0x00000000d20111a0,0x00000000d2580000)
 Metaspace       used 91438K, capacity 95382K, committed 95832K, reserved 1134592K
  class space    used 8559K, capacity 9902K, committed 10072K, reserved 1048576K
}
Event: 60750.756 GC heap before
{Heap before GC invocations=8703 (full 262):
 PSYoungGen      total 40960K, used 512K [0x00000000eab00000, 0x00000000ee300000, 0x0000000100000000)
  eden space 40448K, 0% used [0x00000000eab00000,0x00000000eab00000,0x00000000ed280000)
  from space 512K, 100% used [0x00000000ee280000,0x00000000ee300000,0x00000000ee300000)
  to   space 6656K, 0% used [0x00000000ed600000,0x00000000ed600000,0x00000000edc80000)
 ParOldGen       total 300544K, used 294980K [0x00000000c0000000, 0x00000000d2580000, 0x00000000eab00000)
  object space 300544K, 98% used [0x00000000c0000000,0x00000000d20111a0,0x00000000d2580000)
 Metaspace       used 91438K, capacity 95382K, committed 95832K, reserved 1134592K
  class space    used 8559K, capacity 9902K, committed 10072K, reserved 1048576K
}

